action: GLOB, msg: packaging
cwd: /home/arvinsk/Documents/CodeProjects/Physissist
cmd: /home/arvinsk/miniconda3/bin/python setup.py sdist --formats=zip --dist-dir .tox/dist
running sdist
running check
warning: sdist: manifest template 'MANIFEST.in' does not exist (using default file list)

warning: sdist: standard file not found: should have one of README, README.txt, README.rst

writing manifest file 'MANIFEST'
creating physissist-0.0
creating physissist-0.0/physissist
making hard links in physissist-0.0...
hard linking setup.py -> physissist-0.0
hard linking physissist/__init__.py -> physissist-0.0/physissist
creating '.tox/dist/physissist-0.0.zip' and adding 'physissist-0.0' to it
adding 'physissist-0.0'
adding 'physissist-0.0/physissist'
adding 'physissist-0.0/setup.py'
adding 'physissist-0.0/PKG-INFO'
adding 'physissist-0.0/physissist/__init__.py'
removing 'physissist-0.0' (and everything under it)
